2025-12-15 11:03:25,487 : INFO : root : Loading config.
2025-12-15 11:03:25,514 : INFO : YamlMultifileConfigLoader : Machine config file #1: config.yaml
2025-12-15 11:03:25,514 : INFO : ConfigProcessor : Loading config from file C:\Users\pliso\mpf\Lib\site-packages\mpf\mpfconfig.yaml.
2025-12-15 11:03:25,544 : INFO : ConfigProcessor : Loading config: C:\Users\pliso\mpf\Lib\site-packages\mpf\mpfconfig.yaml
2025-12-15 11:03:25,544 : INFO : ConfigProcessor : Loading config from file C:\Users\pliso\Dip_25_26\Software\config\config.yaml.
2025-12-15 11:03:25,547 : INFO : ConfigProcessor : Loading config: C:\Users\pliso\Dip_25_26\Software\config\config.yaml
2025-12-15 11:03:25,548 : INFO : ConfigProcessor : Config file cache created: C:\Users\pliso\AppData\Local\Temp\046eab1b871c5a2bbb522eec0d951988.mpf_cache
2025-12-15 11:03:25,686 : INFO : ConfigProcessor : Loading config from file C:\Users\pliso\mpf\Lib\site-packages\mpf\modes\attract\config\attract.yaml.
2025-12-15 11:03:25,700 : INFO : ConfigProcessor : Loading config: C:\Users\pliso\mpf\Lib\site-packages\mpf\modes\attract\config\attract.yaml
2025-12-15 11:03:25,700 : INFO : ConfigProcessor : Loading config from file C:\Users\pliso\Dip_25_26\Software\modes\attract\config\attract.yaml.
2025-12-15 11:03:25,712 : INFO : ConfigProcessor : Loading config: C:\Users\pliso\Dip_25_26\Software\modes\attract\config\attract.yaml
2025-12-15 11:03:25,712 : INFO : ConfigProcessor : Config file cache created: C:\Users\pliso\AppData\Local\Temp\90d145bae470d591a824afa5b9a77b7d.mpf_cache
2025-12-15 11:03:25,715 : INFO : ConfigProcessor : Loading config from cache: C:\Users\pliso\AppData\Local\Temp\8233040a80984f83b3d7894a8635e8dd.mpf_cache
2025-12-15 11:03:25,728 : INFO : ConfigProcessor : Loading config from cache: C:\Users\pliso\AppData\Local\Temp\90d145bae470d591a824afa5b9a77b7d.mpf_cache
2025-12-15 11:03:25,744 : INFO : ConfigProcessor : Loading config from file C:\Users\pliso\Dip_25_26\Software\modes\base\config\base.yaml.
2025-12-15 11:03:25,759 : INFO : ConfigProcessor : Loading config: C:\Users\pliso\Dip_25_26\Software\modes\base\config\base.yaml
2025-12-15 11:03:25,761 : INFO : ConfigProcessor : Config file cache created: C:\Users\pliso\AppData\Local\Temp\9f34ff81daeaf7d40fe0a7506e631d7d.mpf_cache
2025-12-15 11:03:25,761 : INFO : Machine : Mission Pinball Framework Core Engine v0.80.0.dev11
2025-12-15 11:03:25,761 : INFO : Machine : Command line arguments: {'no_load_cache': False, 'create_config_cache': True, 'bcp': False, 'configfile': ['config.yaml'], 'force_assets_load': False, 'platform_integration_test': False, 'jsonlogging': False, 'logfile': 'logs\\2025-12-15-11-03-25-mpf-DESKTOP-0NBK5M1.log', 'pause': False, 'production': False, 'text_ui': False, 'loglevel': 15, 'consoleloglevel': 20, 'force_platform': 'virtual', 'syslog_address': None, 'full_logfile_path': 'C:\\Users\\pliso\\Dip_25_26\\Software\\logs\\2025-12-15-11-03-25-mpf-DESKTOP-0NBK5M1.log'}
2025-12-15 11:03:25,761 : INFO : Machine : MPF path: C:\Users\pliso\mpf\Lib\site-packages\mpf
2025-12-15 11:03:25,761 : INFO : Machine : Machine path: C:\Users\pliso\Dip_25_26\Software
2025-12-15 11:03:25,761 : INFO : Machine : Platform: win32
2025-12-15 11:03:25,761 : INFO : Machine : Python executable location: C:\Users\pliso\mpf\Scripts\python.exe
2025-12-15 11:03:25,761 : INFO : Machine : Python version: 3.12.7 (64-bit)
2025-12-15 11:03:25,764 : INFO : Machine : Initializing MPF...
2025-12-15 11:03:26,217 : INFO : EventManager : Event: ======'machine_var_credits_string'====== Args={'value': 'FREE PLAY', 'prev_value': None, 'change': True}
2025-12-15 11:03:26,248 : INFO : EventManager : Event: ======'machine_var_master_volume'====== Args={'value': 0.5, 'prev_value': None, 'change': True}
2025-12-15 11:03:26,248 : INFO : EventManager : Event: ======'machine_var_mpf_version'====== Args={'value': 'Mission Pinball Framework v0.80.0.dev11', 'prev_value': None, 'change': True}
2025-12-15 11:03:26,248 : INFO : EventManager : Event: ======'machine_var_mpf_extended_version'====== Args={'value': 'Mission Pinball Framework v0.80.0.dev11, Config version:6, Show version: 6, BCP version:1.1', 'prev_value': None, 'change': True}
2025-12-15 11:03:26,248 : INFO : EventManager : Event: ======'machine_var_python_version'====== Args={'value': '3.12.7', 'prev_value': None, 'change': True}
2025-12-15 11:03:26,348 : INFO : EventManager : Event: ======'machine_var_platform'====== Args={'value': 'Windows-11-10.0.26100-SP0', 'prev_value': None, 'change': True}
2025-12-15 11:03:26,349 : INFO : EventManager : Event: ======'machine_var_platform_system'====== Args={'value': 'Windows', 'prev_value': None, 'change': True}
2025-12-15 11:03:26,349 : INFO : EventManager : Event: ======'machine_var_platform_release'====== Args={'value': '11', 'prev_value': None, 'change': True}
2025-12-15 11:03:26,349 : INFO : EventManager : Event: ======'machine_var_platform_version'====== Args={'value': '10.0.26100', 'prev_value': None, 'change': True}
2025-12-15 11:03:26,349 : INFO : EventManager : Event: ======'machine_var_platform_machine'====== Args={'value': 'AMD64', 'prev_value': None, 'change': True}
2025-12-15 11:03:26,349 : INFO : EventManager : Event: ======'machine_var_log_file_path'====== Args={'value': 'C:\\Users\\pliso\\Dip_25_26\\Software\\logs\\2025-12-15-11-03-25-mpf-DESKTOP-0NBK5M1.log', 'prev_value': None, 'change': True}
2025-12-15 11:03:26,349 : INFO : EventManager : Event: ======'init_phase_1'====== Args={}
2025-12-15 11:03:26,368 : INFO : EventManager : Event: ======'init_phase_2'====== Args={}
2025-12-15 11:03:26,379 : INFO : EventManager : Event: ======'init_phase_3'====== Args={}
2025-12-15 11:03:26,380 : INFO : EventManager : Event: ======'init_phase_4'====== Args={}
2025-12-15 11:03:26,381 : INFO : EventManager : Event: ======'machine_var_audits_events_game_started'====== Args={'value': 0, 'prev_value': None, 'change': True}
2025-12-15 11:03:26,381 : INFO : EventManager : Event: ======'machine_var_audits_events_game_ended'====== Args={'value': 0, 'prev_value': None, 'change': True}
2025-12-15 11:03:26,381 : INFO : EventManager : Event: ======'machine_var_audits_player_score'====== Args={'value': {'top': [], 'average': 0, 'total': 0}, 'prev_value': None, 'change': True}
2025-12-15 11:03:26,381 : INFO : EventManager : Event: ======'init_phase_5'====== Args={}
2025-12-15 11:03:26,381 : INFO : EventManager : Event: ======'init_done'====== Args={}
2025-12-15 11:03:26,381 : INFO : EventManager : Event: ======'machine_reset_phase_1'====== Args={}
2025-12-15 11:03:26,381 : INFO : EventManager : Event: ======'machine_reset_phase_2'====== Args={}
2025-12-15 11:03:26,381 : INFO : EventManager : Event: ======'machine_reset_phase_3'====== Args={}
2025-12-15 11:03:26,381 : INFO : EventManager : Event: ======'reset_complete'====== Args={}
2025-12-15 11:03:26,381 : INFO : EventManager : Event: ======'mode_attract_will_start'====== Args={}
2025-12-15 11:03:26,381 : INFO : EventManager : Event: ======'mode_attract_starting'====== Args={}
2025-12-15 11:03:26,382 : INFO : Mode.attract : Started. Priority: 10
2025-12-15 11:03:26,382 : INFO : EventManager : Event: ======'modes_active_modes_changed'====== Args={}
2025-12-15 11:03:26,382 : INFO : EventManager : Event: ======'mode_attract_started'====== Args={}
2025-12-15 11:03:26,382 : INFO : EventManager : Event: ======'collecting_balls_complete'====== Args={}
2025-12-15 11:03:26,382 : INFO : Machine : Starting the main run loop with active modes: [<Mode.attract>]
2025-12-15 11:04:12,828 : INFO : Machine : Shutting down...
2025-12-15 11:04:12,828 : INFO : EventManager : Event: ======'shutdown'====== Args={}
2025-12-15 11:04:12,829 : INFO : root : MPF run loop ended.
